<?xml version="1.0" encoding="UTF-8"?>
<testsuite xmlns:xsi="http://www.w3.org/2001/XMLSchema-instance" xsi:noNamespaceSchemaLocation="https://maven.apache.org/surefire/maven-surefire-plugin/xsd/surefire-test-report.xsd" version="3.0.2" name="service.monitorservice.MonitorServiceApplicationTests" time="3.731" tests="1" errors="0" skipped="0" failures="0">
  <properties>
[...]
</properties>
  <testcase name="contextLoads" classname="service.monitorservice.MonitorServiceApplicationTests" time="0.737">
    <system-out><![CDATA[00:12:54.425 [main] INFO org.springframework.test.context.support.AnnotationConfigContextLoaderUtils -- Could not detect default configuration classes for test class [service.monitorservice.MonitorServiceApplicationTests]: MonitorServiceApplicationTests does not declare any static, non-private, non-final, nested classes annotated with @Configuration.
00:12:54.541 [main] INFO org.springframework.boot.test.context.SpringBootTestContextBootstrapper -- Found @SpringBootConfiguration service.monitorservice.MonitorServiceApplication for test class service.monitorservice.MonitorServiceApplicationTests

  .   ____          _            __ _ _
 /\\ / ___'_ __ _ _(_)_ __  __ _ \ \ \ \
( ( )\___ | '_ | '_| | '_ \/ _` | \ \ \ \
 \\/  ___)| |_)| | | | | || (_| |  ) ) ) )
  '  |____| .__|_| |_|_| |_\__, | / / / /
 =========|_|==============|___/=/_/_/_/

 :: Spring Boot ::                (v3.4.4)

2025-04-15T00:12:55.045+07:00  INFO 67452 --- [monitor-service] [           main] s.m.MonitorServiceApplicationTests       : Starting MonitorServiceApplicationTests using Java 23.0.1 with PID 67452 (started by Admin in C:\Users\Admin\Documents\GitHub\WebBanking\monitorService)
2025-04-15T00:12:55.046+07:00  INFO 67452 --- [monitor-service] [           main] s.m.MonitorServiceApplicationTests       : No active profile set, falling back to 1 default profile: "default"
2025-04-15T00:12:55.073+07:00 DEBUG 67452 --- [monitor-service] [           main] o.s.w.c.s.GenericWebApplicationContext   : Refreshing org.springframework.web.context.support.GenericWebApplicationContext@3e521715
2025-04-15T00:12:56.195+07:00  INFO 67452 --- [monitor-service] [           main] io.jaegertracing.Configuration           : Initialized tracer=JaegerTracer(version=Java-1.3.2, serviceName=monitor-service, reporter=CompositeReporter(reporters=[RemoteReporter(sender=UdpSender(host=localhost, port=6831), closeEnqueueTimeout=1000), LoggingReporter(logger=Logger[io.jaegertracing.internal.reporters.LoggingReporter])]), sampler=ConstSampler(decision=true, tags={sampler.type=const, sampler.param=true}), tags={hostname=DD, jaeger.version=Java-1.3.2, ip=172.28.80.1}, zipkinSharedRpcSpan=false, expandExceptionLogs=false, useTraceId128Bit=false)
2025-04-15T00:12:56.428+07:00 DEBUG 67452 --- [monitor-service] [           main] s.w.s.m.m.a.RequestMappingHandlerMapping : 2 mappings in 'requestMappingHandlerMapping'
2025-04-15T00:12:56.526+07:00 DEBUG 67452 --- [monitor-service] [           main] o.s.w.s.handler.SimpleUrlHandlerMapping  : Patterns [/webjars/**, /**] in 'resourceHandlerMapping'
2025-04-15T00:12:56.561+07:00 DEBUG 67452 --- [monitor-service] [           main] s.w.s.m.m.a.RequestMappingHandlerAdapter : ControllerAdvice beans: 0 @ModelAttribute, 0 @InitBinder, 1 RequestBodyAdvice, 1 ResponseBodyAdvice
2025-04-15T00:12:56.608+07:00 DEBUG 67452 --- [monitor-service] [           main] .m.m.a.ExceptionHandlerExceptionResolver : ControllerAdvice beans: 0 @ExceptionHandler, 1 ResponseBodyAdvice
2025-04-15T00:12:56.964+07:00  INFO 67452 --- [monitor-service] [           main] r$InitializeUserDetailsManagerConfigurer : Global AuthenticationManager configured with UserDetailsService bean with name inMemoryUserDetailsManager
2025-04-15T00:12:57.098+07:00  INFO 67452 --- [monitor-service] [           main] o.s.b.a.e.web.EndpointLinksResolver      : Exposing 3 endpoints beneath base path '/actuator'
2025-04-15T00:12:57.190+07:00  INFO 67452 --- [monitor-service] [           main] s.m.MonitorServiceApplicationTests       : Started MonitorServiceApplicationTests in 2.48 seconds (process running for 3.459)
]]></system-out>
    <system-err><![CDATA[Mockito is currently self-attaching to enable the inline-mock-maker. This will no longer work in future releases of the JDK. Please add Mockito as an agent to your build what is described in Mockito's documentation: https://javadoc.io/doc/org.mockito/mockito-core/latest/org/mockito/Mockito.html#0.3
WARNING: A Java agent has been loaded dynamically (C:\Users\Admin\.m2\repository\net\bytebuddy\byte-buddy-agent\1.15.11\byte-buddy-agent-1.15.11.jar)
WARNING: If a serviceability tool is in use, please run with -XX:+EnableDynamicAgentLoading to hide this warning
WARNING: If a serviceability tool is not in use, please run with -Djdk.instrument.traceUsage for more information
WARNING: Dynamic loading of agents will be disallowed by default in a future release
]]></system-err>
  </testcase>
</testsuite>